2024-05-02T05:14:56.504Z debug: SUCCESS REQ: 201 - POST /api/v1/master/create - 62.133 ms
2024-05-02T05:15:01.359Z debug: SUCCESS REQ: 200 - GET /api/v1/master/getAll - 7.220 ms
2024-05-02T05:15:34.900Z debug: SUCCESS REQ: 200 - GET /api/v1/master/getById/3 - 35.636 ms
2024-05-02T05:18:44.013Z debug: SUCCESS REQ: 200 - GET /api/v1/master/getById/3 - 29.599 ms
2024-05-02T05:19:01.472Z debug: SUCCESS REQ: 200 - GET /api/v1/master/getById/3 - 33.438 ms
2024-05-02T05:21:46.695Z debug: SUCCESS REQ: 200 - GET /api/v1/master/getById/3 - 36.186 ms
2024-05-02T05:34:43.324Z debug: SUCCESS REQ: 200 - DELETE /api/v1/master/delete/2 - 69.753 ms
2024-05-02T05:36:06.538Z debug: ERROR REQ: 404 - DELETE /api/v1/individual/delete/2 - 25.782 ms
2024-05-02T05:36:15.747Z debug: ERROR REQ: 404 - DELETE /api/v1/individual/delete/2 - 2.837 ms
2024-05-02T05:36:35.655Z debug: SUCCESS REQ: 200 - DELETE /api/v1/individual/delete/3 - 158.400 ms
2024-05-02T05:38:10.094Z debug: SUCCESS REQ: 200 - DELETE /api/v1/individual/delete/3 - 81.070 ms
2024-05-02T05:52:14.835Z debug: SUCCESS REQ: 201 - POST /api/v1/master/create - 76.474 ms
2024-05-02T05:54:33.748Z debug: ERROR REQ: 404 - POST /api/v1/individual/create - 36.733 ms
2024-05-02T05:55:11.149Z debug: SUCCESS REQ: 201 - POST /api/v1/individual/create - 40.219 ms
2024-05-02T05:56:53.690Z debug: SUCCESS REQ: 200 - GET /api/v1/individual/getAll - 44.991 ms
2024-05-02T07:08:12.170Z debug: ERROR REQ: 500 - GET /api/v1/master/getAll - 11.457 ms
2024-05-02T07:09:51.209Z debug: ERROR REQ: 500 - GET /api/v1/master/getAll - 14.284 ms
2024-05-02T07:10:02.756Z debug: SUCCESS REQ: 200 - GET /api/v1/master/getAll - 11.300 ms
2024-05-02T07:19:02.391Z debug: ERROR REQ: 500 - GET /api/v1/individual/getById/3 - 24.123 ms
2024-05-02T07:19:41.438Z debug: ERROR REQ: 404 - GET /api/v1/individual/getById/3 - 42.419 ms
2024-05-02T07:21:04.586Z debug: SUCCESS REQ: 200 - GET /api/v1/individual/getById/4 - 45.326 ms
2024-05-02T07:21:52.551Z debug: SUCCESS REQ: 200 - GET /api/v1/individual/getById/4 - 49.506 ms
2024-05-02T07:22:22.153Z debug: SUCCESS REQ: 200 - GET /api/v1/individual/getById/4 - 47.771 ms
2024-05-02T07:25:33.922Z debug: ERROR REQ: 500 - GET /api/v1/individual/getById/4 - 37.731 ms
2024-05-02T07:32:23.995Z debug: ERROR REQ: 500 - GET /api/v1/individual/getById/4 - 36.157 ms
2024-05-02T07:35:08.486Z debug: ERROR REQ: 500 - GET /api/v1/individual/getById/4 - 42.069 ms
2024-05-02T07:35:43.178Z debug: ERROR REQ: 500 - GET /api/v1/individual/getById/4 - 36.606 ms
2024-05-02T07:36:24.445Z debug: ERROR REQ: 500 - GET /api/v1/individual/getById/4 - 37.563 ms
2024-05-02T07:36:33.888Z debug: ERROR REQ: 500 - GET /api/v1/individual/getById/4 - 30.843 ms
2024-05-02T07:36:44.924Z debug: SUCCESS REQ: 200 - GET /api/v1/individual/getById/4 - 33.182 ms
2024-05-02T07:38:35.874Z debug: ERROR REQ: 500 - GET /api/v1/individual/getById/4 - 33.724 ms
2024-05-02T07:39:06.503Z debug: SUCCESS REQ: 200 - GET /api/v1/individual/getById/4 - 43.474 ms
2024-05-02T07:48:17.930Z debug: SUCCESS REQ: 200 - GET /api/v1/individual/getById/4 - 68.316 ms
2024-05-02T07:49:09.903Z debug: SUCCESS REQ: 200 - GET /api/v1/individual/getById/4 - 30.853 ms
2024-05-02T08:11:18.985Z debug: ERROR REQ: 500 - GET /api/v1/individual/getAll?searchTerm - 6.374 ms
2024-05-02T08:11:21.861Z debug: ERROR REQ: 500 - GET /api/v1/individual/getAll - 3.340 ms
2024-05-02T08:11:50.477Z debug: SUCCESS REQ: 200 - GET /api/v1/individual/getAll - 12.258 ms
2024-05-02T08:11:59.069Z debug: ERROR REQ: 500 - GET /api/v1/individual/getAll?searchTerm=40 - 2.465 ms
2024-05-02T08:12:38.897Z debug: ERROR REQ: 500 - GET /api/v1/individual/getAll?searchTerm=40 - 20.017 ms
2024-05-02T08:12:59.290Z debug: ERROR REQ: 500 - GET /api/v1/individual/getAll?searchTerm=40 - 22.443 ms
2024-05-02T08:13:27.351Z debug: SUCCESS REQ: 200 - GET /api/v1/individual/getAll?searchTerm=40 - 16.563 ms
2024-05-02T08:13:42.956Z debug: SUCCESS REQ: 200 - GET /api/v1/individual/getAll?searchTerm=gree - 41.750 ms
2024-05-02T08:13:51.705Z debug: SUCCESS REQ: 200 - GET /api/v1/individual/getAll?searchTerm=cotton - 2.578 ms
2024-05-02T08:14:07.468Z debug: ERROR REQ: 500 - GET /api/v1/individual/getAll?searchTerm=Pants - 12.354 ms
2024-05-02T10:02:40.092Z debug: ERROR REQ: 500 - GET /api/v1/individual/getAll?searchTerm=30 - 12.723 ms
2024-05-02T10:06:56.282Z debug: SUCCESS REQ: 201 - POST /api/v1/individual/create - 58.863 ms
2024-05-02T10:07:06.911Z debug: ERROR REQ: 500 - GET /api/v1/individual/getAll?searchTerm=30 - 4.496 ms
2024-05-02T10:07:19.784Z debug: SUCCESS REQ: 200 - GET /api/v1/individual/getAll?searchTerm=30 - 15.474 ms
2024-05-02T10:08:41.603Z debug: SUCCESS REQ: 200 - GET /api/v1/individual/getAll - 53.383 ms
2024-05-02T10:09:02.132Z debug: SUCCESS REQ: 200 - GET /api/v1/individual/getAll?searchTerm=shi - 36.915 ms
2024-05-02T10:09:28.188Z debug: ERROR REQ: 500 - GET /api/v1/individual/getAll?searchTerm=shi - 12.539 ms
2024-05-02T10:15:25.514Z debug: ERROR REQ: 500 - GET /api/v1/individual/getAll?searchTerm=shi - 10.575 ms
2024-05-02T10:16:17.852Z debug: SUCCESS REQ: 200 - GET /api/v1/individual/getAll - 10.947 ms
2024-05-02T10:16:25.718Z debug: SUCCESS REQ: 200 - GET /api/v1/individual/getAll?searchTerm=shi - 3.804 ms
2024-05-02T10:16:28.866Z debug: SUCCESS REQ: 200 - GET /api/v1/individual/getAll?searchTerm=shi - 4.095 ms
2024-05-02T10:17:52.611Z debug: SUCCESS REQ: 200 - GET /api/v1/individual/getAll?searchTerm=shi - 53.646 ms
2024-05-02T10:18:09.315Z debug: SUCCESS REQ: 201 - POST /api/v1/master/create - 88.027 ms
2024-05-02T10:18:15.729Z debug: ERROR REQ: 404 - POST /api/v1/individual/create - 12.984 ms
2024-05-02T10:18:25.261Z debug: SUCCESS REQ: 201 - POST /api/v1/individual/create - 41.306 ms
2024-05-02T10:18:28.963Z debug: SUCCESS REQ: 200 - GET /api/v1/individual/getAll?searchTerm=shi - 6.056 ms
2024-05-02T10:18:32.626Z debug: SUCCESS REQ: 200 - GET /api/v1/individual/getAll - 11.037 ms
2024-05-02T10:18:41.074Z debug: SUCCESS REQ: 200 - GET /api/v1/individual/getAll?searchTerm=Shirts - 8.581 ms
2024-05-02T10:18:49.583Z debug: SUCCESS REQ: 200 - GET /api/v1/individual/getAll?searchTerm=pa - 2.223 ms
2024-05-02T10:19:06.372Z debug: SUCCESS REQ: 200 - GET /api/v1/individual/getAll?searchTerm=Pants - 64.808 ms
2024-05-02T10:19:33.997Z debug: ERROR REQ: 500 - GET /api/v1/individual/getAll?searchTerm=Pants - 13.563 ms
2024-05-02T10:21:20.953Z debug: ERROR REQ: 500 - GET /api/v1/individual/getAll?searchTerm=Pants - 4.839 ms
2024-05-02T10:22:53.059Z debug: ERROR REQ: 500 - GET /api/v1/individual/getAll?searchTerm=Pants - 5.044 ms
2024-05-02T10:24:07.916Z debug: ERROR REQ: 500 - GET /api/v1/individual/getAll?searchTerm=Pants - 11.742 ms
2024-05-02T10:24:24.730Z debug: ERROR REQ: 500 - GET /api/v1/individual/getAll?searchTerm=Pan - 4.302 ms
2024-05-02T10:27:17.529Z debug: ERROR REQ: 500 - GET /api/v1/individual/getAll?searchTerm=Pan - 10.524 ms
2024-05-02T10:27:39.742Z debug: ERROR REQ: 500 - GET /api/v1/individual/getAll?searchTerm=Pan - 13.088 ms
2024-05-02T10:29:11.662Z debug: ERROR REQ: 500 - GET /api/v1/individual/getAll?searchTerm=Pan - 14.512 ms
2024-05-02T10:37:34.963Z debug: ERROR REQ: 500 - GET /api/v1/individual/getAll?searchTerm=Pan - 16.839 ms
2024-05-02T10:41:39.674Z debug: ERROR REQ: 500 - GET /api/v1/individual/getAll?searchTerm=Pan - 12.785 ms
2024-05-02T11:01:56.168Z debug: SUCCESS REQ: 200 - GET /api/v1/individual/getAll?searchTerm=Pan - 20.568 ms
2024-05-02T11:02:00.290Z debug: SUCCESS REQ: 200 - GET /api/v1/individual/getAll?searchTerm=Pant - 6.875 ms
2024-05-02T11:02:07.728Z debug: SUCCESS REQ: 200 - GET /api/v1/individual/getAll?searchTerm=Shirt - 4.204 ms
2024-05-02T11:02:19.299Z debug: SUCCESS REQ: 200 - GET /api/v1/individual/getAll?searchTerm=Shirts - 45.492 ms
2024-05-02T11:02:51.174Z debug: SUCCESS REQ: 201 - POST /api/v1/master/create - 39.081 ms
2024-05-02T11:03:00.902Z debug: ERROR REQ: 500 - GET /api/v1/individual/getAll?searchTerm=Shirts - 17.245 ms
2024-05-02T11:04:50.316Z debug: ERROR REQ: 500 - GET /api/v1/individual/getAll - 12.875 ms
2024-05-02T11:05:45.919Z debug: ERROR REQ: 500 - GET /api/v1/individual/getAll - 27.199 ms
2024-05-02T11:09:12.980Z debug: ERROR REQ: 500 - GET /api/v1/individual/getAll - 166.230 ms
2024-05-02T11:12:12.421Z debug: ERROR REQ: 500 - GET /api/v1/individual/getAll - 5.582 ms
2024-05-02T11:13:54.170Z debug: ERROR REQ: 500 - GET /api/v1/individual/getAll - 14.884 ms
2024-05-02T11:14:19.712Z debug: SUCCESS REQ: 201 - POST /api/v1/individual/create - 208.738 ms
2024-05-02T11:14:20.634Z debug: SUCCESS REQ: 201 - POST /api/v1/individual/create - 30.174 ms
2024-05-02T11:14:21.338Z debug: SUCCESS REQ: 201 - POST /api/v1/individual/create - 24.576 ms
2024-05-02T11:14:21.908Z debug: SUCCESS REQ: 201 - POST /api/v1/individual/create - 32.512 ms
2024-05-02T11:14:22.364Z debug: SUCCESS REQ: 201 - POST /api/v1/individual/create - 26.769 ms
2024-05-02T11:14:24.785Z debug: SUCCESS REQ: 201 - POST /api/v1/individual/create - 38.256 ms
2024-05-02T11:14:30.658Z debug: ERROR REQ: 500 - GET /api/v1/individual/getAll - 3.846 ms
2024-05-02T11:15:00.072Z debug: ERROR REQ: 500 - GET /api/v1/individual/getAll - 56.844 ms
2024-05-02T11:15:17.412Z debug: ERROR REQ: 500 - GET /api/v1/individual/getAll - 14.552 ms
2024-05-02T11:15:58.926Z debug: ERROR REQ: 500 - GET /api/v1/individual/getAll - 14.343 ms
2024-05-02T11:16:27.849Z debug: SUCCESS REQ: 200 - GET /api/v1/individual/getAll - 13.487 ms
2024-05-02T11:16:57.235Z debug: SUCCESS REQ: 200 - GET /api/v1/individual/getById/4 - 34.590 ms
2024-05-02T11:17:02.230Z debug: SUCCESS REQ: 200 - GET /api/v1/individual/getAll - 6.649 ms
2024-05-02T11:50:11.683Z debug: SUCCESS REQ: 200 - GET /api/v1/individual/getAll - 45.297 ms
2024-05-02T11:59:10.842Z debug: ERROR REQ: 500 - GET /api/v1/individual/getAll - 10.899 ms
2024-05-02T12:05:41.231Z debug: ERROR REQ: 500 - GET /api/v1/individual/getAll - 3.757 ms
2024-05-02T12:05:48.174Z debug: ERROR REQ: 500 - GET /api/v1/individual/getAll - 8.651 ms
2024-05-02T12:06:43.107Z debug: SUCCESS REQ: 200 - GET /api/v1/individual/getAll - 10.899 ms
2024-05-02T12:06:48.138Z debug: SUCCESS REQ: 200 - GET /api/v1/individual/getAll?searchTerm=Shirts - 2.931 ms
2024-05-02T12:07:08.622Z debug: SUCCESS REQ: 200 - GET /api/v1/individual/getAll?searchTerm=Shirts - 13.401 ms
2024-05-02T12:09:51.644Z debug: SUCCESS REQ: 200 - GET /api/v1/individual/getAll?searchTerm=Shirts - 60.252 ms
2024-05-02T13:10:42.771Z debug: SUCCESS REQ: 200 - GET /api/v1/individual/getAll?searchTerm=Shirts - 17.909 ms
2024-05-02T13:10:46.673Z debug: SUCCESS REQ: 200 - GET /api/v1/individual/getAll?searchTerm=Shirt - 2.984 ms
2024-05-02T13:10:56.612Z debug: SUCCESS REQ: 200 - GET /api/v1/individual/getAll - 3.314 ms
2024-05-02T13:10:59.034Z debug: SUCCESS REQ: 200 - GET /api/v1/individual/getAll - 1.708 ms
2024-05-02T13:27:24.985Z debug: ERROR REQ: 500 - PUT /api/v1/individual/update/2 - 36.850 ms
2024-05-02T13:28:05.030Z debug: ERROR REQ: 500 - PUT /api/v1/individual/update/2 - 42.514 ms
2024-05-02T13:28:13.899Z debug: SUCCESS REQ: 200 - PUT /api/v1/individual/update/2 - 60.452 ms
2024-05-02T14:01:47.166Z debug: ERROR REQ: 500 - GET /api/v1/individual/getAll - 5.536 ms
2024-05-02T14:02:01.863Z debug: SUCCESS REQ: 200 - GET /api/v1/individual/getAll - 10.343 ms
2024-05-02T14:02:06.885Z debug: ERROR REQ: 500 - GET /api/v1/individual/getAll?searchTerm=Shirt - 4.038 ms
2024-05-02T14:02:10.114Z debug: ERROR REQ: 500 - GET /api/v1/individual/getAll?searchTerm=Shirts - 2.522 ms
2024-05-02T14:02:17.895Z debug: SUCCESS REQ: 200 - GET /api/v1/individual/getAll - 39.316 ms
2024-05-02T14:02:49.501Z debug: ERROR REQ: 500 - GET /api/v1/individual/getAll?searchTerm=green - 2.486 ms
2024-05-02T14:03:11.735Z debug: SUCCESS REQ: 200 - GET /api/v1/individual/getAll?searchTerm=green - 11.639 ms
2024-05-02T14:03:33.070Z debug: SUCCESS REQ: 200 - GET /api/v1/individual/getAll?searchTerm=green - 20.569 ms
2024-05-02T14:04:06.334Z debug: SUCCESS REQ: 200 - GET /api/v1/individual/getAll?searchTerm=green - 13.001 ms
2024-05-02T14:05:39.754Z debug: SUCCESS REQ: 200 - GET /api/v1/individual/getAll?searchTerm=green - 11.760 ms
2024-05-02T14:07:53.376Z debug: SUCCESS REQ: 201 - POST /api/v1/individual/create - 194.434 ms
2024-05-02T14:17:58.691Z debug: SUCCESS REQ: 200 - GET /api/v1/individual/getAll?searchTerm=green - 49.345 ms
2024-05-02T14:19:55.656Z debug: SUCCESS REQ: 200 - GET /api/v1/individual/getAll?searchTerm=green - 37.964 ms
2024-05-02T14:27:59.606Z debug: SUCCESS REQ: 200 - GET /api/v1/individual/getAll?searchTerm=pants - 76.959 ms
