2024-05-07T04:52:08.014Z debug: SUCCESS REQ: 200 - PUT /api/v1/individual/update/5 - 84.881 ms
2024-05-07T04:52:09.745Z debug: SUCCESS REQ: 200 - PUT /api/v1/individual/update/5 - 15.143 ms
2024-05-07T07:34:00.633Z debug: ERROR REQ: 404 - POST /api/v1/individual/create - 8.480 ms
2024-05-07T07:34:13.403Z debug: SUCCESS REQ: 201 - POST /api/v1/master/create - 188.085 ms
2024-05-07T07:34:28.591Z debug: SUCCESS REQ: 200 - GET /api/v1/master/getAll - 43.141 ms
2024-05-07T07:39:33.705Z debug: ERROR REQ: 404 - GET /src/uploads/ - 4.761 ms
2024-05-07T07:39:33.927Z debug: ERROR REQ: 404 - GET /src/uploads/ - 0.811 ms
2024-05-07T07:39:47.073Z debug: ERROR REQ: 404 - GET /src/uploads/1715067253230_haryo-setyadi-acn5ERAeSb4-unsplash.jpg - 0.605 ms
2024-05-07T07:39:47.205Z debug: ERROR REQ: 404 - GET /src/uploads/1715067253230_haryo-setyadi-acn5ERAeSb4-unsplash.jpg - 0.409 ms
2024-05-07T07:40:40.937Z debug: SUCCESS REQ: 200 - GET /api/v1/master/getAll - 12.659 ms
2024-05-07T07:40:44.120Z debug: ERROR REQ: 500 - POST /api/v1/master/create - 19.489 ms
2024-05-07T07:41:09.508Z debug: ERROR REQ: 500 - POST /api/v1/master/create - 12.969 ms
2024-05-07T07:41:23.562Z debug: ERROR REQ: 500 - POST /api/v1/master/create - 17.857 ms
2024-05-07T07:41:41.915Z debug: ERROR REQ: 500 - POST /api/v1/master/create - 31.588 ms
2024-05-07T07:41:55.035Z debug: ERROR REQ: 500 - POST /api/v1/master/create - 28.059 ms
2024-05-07T07:43:45.259Z debug: ERROR REQ: 500 - POST /api/v1/master/create - 19.845 ms
2024-05-07T07:44:16.732Z debug: SUCCESS REQ: 201 - POST /api/v1/master/create - 43.770 ms
2024-05-07T07:44:47.757Z debug: ERROR REQ: 404 - GET /public/assets/1715067253230_haryo-setyadi-acn5ERAeSb4-unsplash.jpg - 2.640 ms
2024-05-07T07:44:47.914Z debug: ERROR REQ: 404 - GET /public/assets/1715067253230_haryo-setyadi-acn5ERAeSb4-unsplash.jpg - 0.672 ms
2024-05-07T07:46:53.025Z debug: ERROR REQ: 404 - GET /D:/POC/public/assets/1715067253230_haryo-setyadi-acn5ERAeSb4-unsplash.jpg - 0.407 ms
2024-05-07T07:46:53.412Z debug: ERROR REQ: 404 - GET /D:/POC/public/assets/1715067253230_haryo-setyadi-acn5ERAeSb4-unsplash.jpg - 0.972 ms
2024-05-07T07:53:52.556Z debug: SUCCESS REQ: 301 - GET /images - 6.835 ms
2024-05-07T07:53:52.561Z debug: ERROR REQ: 404 - GET /images/ - 2.201 ms
2024-05-07T07:53:52.793Z debug: ERROR REQ: 404 - GET /images/ - 0.962 ms
2024-05-07T07:54:04.181Z debug: ERROR REQ: 404 - GET /images/temp - 0.824 ms
2024-05-07T07:54:04.306Z debug: ERROR REQ: 404 - GET /images/temp - 0.817 ms
2024-05-07T07:54:22.075Z debug: SUCCESS REQ: 200 - GET /images/temp.jpg - 2.229 ms
2024-05-07T07:54:22.205Z debug: ERROR REQ: 404 - GET /favicon.ico - 0.697 ms
2024-05-07T07:54:22.418Z debug: SUCCESS REQ: 304 - GET /images/temp.jpg - 0.968 ms
2024-05-07T07:57:33.119Z debug: ERROR REQ: 500 - POST /api/v1/master/create - 22.688 ms
2024-05-07T07:57:59.529Z debug: ERROR REQ: 500 - POST /api/v1/master/create - 24.190 ms
2024-05-07T07:58:31.341Z debug: ERROR REQ: 500 - POST /api/v1/master/create - 24.521 ms
2024-05-07T08:00:15.787Z debug: ERROR REQ: 500 - POST /api/v1/master/create - 21.847 ms
2024-05-07T08:00:40.337Z debug: ERROR REQ: 500 - POST /api/v1/master/create - 23.057 ms
2024-05-07T08:00:56.040Z debug: SUCCESS REQ: 201 - POST /api/v1/master/create - 50.519 ms
2024-05-07T08:02:28.098Z debug: ERROR REQ: 404 - GET /D:/POC/public/assets/1715067253230_haryo-setyadi-acn5ERAeSb4-unsplash.jpg - 2.850 ms
2024-05-07T08:02:55.757Z debug: SUCCESS REQ: 304 - GET /images/temp.jpg - 1.580 ms
2024-05-07T08:02:56.186Z debug: SUCCESS REQ: 304 - GET /images/temp.jpg - 0.618 ms
2024-05-07T08:04:04.997Z debug: SUCCESS REQ: 201 - POST /api/v1/master/create - 177.656 ms
2024-05-07T08:04:09.294Z debug: ERROR REQ: 404 - GET //images/haryo-setyadi-acn5ERAeSb4-unsplash.jpg - 6.087 ms
2024-05-07T08:04:09.596Z debug: ERROR REQ: 404 - GET //images/haryo-setyadi-acn5ERAeSb4-unsplash.jpg - 1.990 ms
2024-05-07T08:04:28.121Z debug: SUCCESS REQ: 201 - POST /api/v1/master/create - 37.739 ms
2024-05-07T08:04:31.716Z debug: ERROR REQ: 404 - GET /images/haryo-setyadi-acn5ERAeSb4-unsplash.jpg - 5.950 ms
2024-05-07T08:04:31.943Z debug: ERROR REQ: 404 - GET /images/haryo-setyadi-acn5ERAeSb4-unsplash.jpg - 0.961 ms
2024-05-07T08:04:53.548Z debug: ERROR REQ: 404 - GET /haryo-setyadi-acn5ERAeSb4-unsplash.jpg - 0.480 ms
2024-05-07T08:04:53.689Z debug: ERROR REQ: 404 - GET /haryo-setyadi-acn5ERAeSb4-unsplash.jpg - 2.148 ms
2024-05-07T08:05:04.378Z debug: ERROR REQ: 404 - GET /public/images/haryo-setyadi-acn5ERAeSb4-unsplash.jpg - 0.465 ms
2024-05-07T08:05:04.512Z debug: ERROR REQ: 404 - GET /public/images/haryo-setyadi-acn5ERAeSb4-unsplash.jpg - 0.583 ms
2024-05-07T08:05:40.243Z debug: ERROR REQ: 404 - GET /public/images/temp - 5.685 ms
2024-05-07T08:05:40.383Z debug: ERROR REQ: 404 - GET /public/images/temp - 1.324 ms
2024-05-07T08:05:49.311Z debug: ERROR REQ: 404 - GET /images/temp - 0.845 ms
2024-05-07T08:05:49.430Z debug: ERROR REQ: 404 - GET /images/temp - 0.676 ms
2024-05-07T08:05:52.469Z debug: ERROR REQ: 404 - GET /images/temp - 0.663 ms
2024-05-07T08:05:52.574Z debug: ERROR REQ: 404 - GET /images/temp - 0.796 ms
2024-05-07T08:06:05.829Z debug: ERROR REQ: 404 - GET //images/haryo-setyadi-acn5ERAeSb4-unsplash.jpg - 0.452 ms
2024-05-07T08:06:05.949Z debug: ERROR REQ: 404 - GET //images/haryo-setyadi-acn5ERAeSb4-unsplash.jpg - 0.491 ms
2024-05-07T08:06:18.498Z debug: SUCCESS REQ: 304 - GET /images/temp.jpg - 2.538 ms
2024-05-07T08:06:18.693Z debug: SUCCESS REQ: 304 - GET /images/temp.jpg - 0.605 ms
2024-05-07T08:06:58.084Z debug: SUCCESS REQ: 304 - GET /images/temp.jpg - 0.355 ms
2024-05-07T08:06:58.463Z debug: SUCCESS REQ: 304 - GET /images/temp.jpg - 0.440 ms
2024-05-07T08:07:05.167Z debug: ERROR REQ: 404 - GET /images/haryo-setyadi-acn5ERAeSb4-unsplash.jpg - 0.945 ms
2024-05-07T08:07:05.298Z debug: ERROR REQ: 404 - GET /images/haryo-setyadi-acn5ERAeSb4-unsplash.jpg - 0.855 ms
2024-05-07T08:08:13.257Z debug: SUCCESS REQ: 201 - POST /api/v1/master/create - 72.694 ms
2024-05-07T08:08:36.959Z debug: ERROR REQ: 404 - GET /images/course3.png - 1.091 ms
2024-05-07T08:08:37.196Z debug: ERROR REQ: 404 - GET /images/course3.png - 0.794 ms
2024-05-07T08:08:47.993Z debug: ERROR REQ: 404 - GET /images/course3.png - 0.565 ms
2024-05-07T08:08:48.383Z debug: ERROR REQ: 404 - GET /images/course3.png - 0.741 ms
2024-05-07T08:08:54.574Z debug: ERROR REQ: 404 - GET /images/course3.png - 0.682 ms
2024-05-07T08:08:54.920Z debug: ERROR REQ: 404 - GET /images/course3.png - 1.805 ms
2024-05-07T08:09:06.320Z debug: ERROR REQ: 404 - GET /images/course3.png - 0.611 ms
2024-05-07T08:09:06.630Z debug: ERROR REQ: 404 - GET /images/course3.png - 0.842 ms
2024-05-07T08:09:37.241Z debug: SUCCESS REQ: 304 - GET /images/temp.jpg - 0.343 ms
2024-05-07T08:09:37.642Z debug: SUCCESS REQ: 304 - GET /images/temp.jpg - 0.385 ms
2024-05-07T08:10:43.114Z debug: SUCCESS REQ: 201 - POST /api/v1/master/create - 24.659 ms
2024-05-07T08:10:45.819Z debug: SUCCESS REQ: 200 - GET /images/course3.png - 7.597 ms
2024-05-07T08:10:46.064Z debug: SUCCESS REQ: 304 - GET /images/course3.png - 1.000 ms
2024-05-07T08:11:12.053Z debug: SUCCESS REQ: 200 - GET /api/v1/master/getAll - 40.144 ms
2024-05-07T08:13:12.453Z debug: SUCCESS REQ: 304 - GET /images/temp.jpg - 0.595 ms
2024-05-07T08:13:12.871Z debug: SUCCESS REQ: 304 - GET /images/temp.jpg - 0.433 ms
2024-05-07T08:15:02.916Z debug: SUCCESS REQ: 201 - POST /api/v1/master/create - 147.824 ms
2024-05-07T08:15:05.860Z debug: SUCCESS REQ: 200 - GET /api/v1/master/getAll - 2.530 ms
2024-05-07T08:15:21.280Z debug: SUCCESS REQ: 200 - GET /api/v1/master/getAll - 11.576 ms
2024-05-07T09:32:29.842Z debug: SUCCESS REQ: 200 - GET /api/v1/master/getAll - 14.295 ms
2024-05-07T09:32:32.505Z debug: SUCCESS REQ: 200 - GET /images/course3.png - 3.870 ms
2024-05-07T09:32:32.742Z debug: SUCCESS REQ: 304 - GET /images/course3.png - 0.637 ms
2024-05-07T09:32:38.803Z debug: SUCCESS REQ: 304 - GET /images/course3.png - 0.590 ms
2024-05-07T09:32:38.998Z debug: SUCCESS REQ: 304 - GET /images/course3.png - 0.449 ms
2024-05-07T09:33:04.053Z debug: SUCCESS REQ: 200 - GET /api/v1/master/getById/14 - 39.205 ms
2024-05-07T09:36:10.004Z debug: ERROR REQ: 500 - GET /api/v1/master/getById/14 - 19.000 ms
2024-05-07T09:36:53.860Z debug: SUCCESS REQ: 200 - GET /api/v1/master/getById/14 - 19.629 ms
2024-05-07T09:38:46.729Z debug: ERROR REQ: 500 - GET /api/v1/master/getById/14 - 20.503 ms
2024-05-07T09:39:36.774Z debug: ERROR REQ: 500 - GET /api/v1/master/getById/14 - 24.563 ms
2024-05-07T09:40:11.755Z debug: ERROR REQ: 500 - GET /api/v1/master/getById/14 - 21.208 ms
2024-05-07T09:43:14.005Z debug: SUCCESS REQ: 200 - GET /api/v1/master/getById/14 - 12.897 ms
2024-05-07T09:44:40.999Z debug: SUCCESS REQ: 200 - GET /api/v1/master/getById/14 - 12.379 ms
2024-05-07T09:46:59.766Z debug: SUCCESS REQ: 200 - GET /api/v1/master/getById/14 - 46.418 ms
2024-05-07T09:48:47.897Z debug: SUCCESS REQ: 200 - GET /api/v1/master/getById/14 - 12.851 ms
2024-05-07T09:49:07.553Z debug: SUCCESS REQ: 200 - GET /api/v1/master/getById/14 - 13.069 ms
2024-05-07T09:49:13.817Z debug: SUCCESS REQ: 200 - GET /api/v1/master/getById/14 - 16.508 ms
2024-05-07T09:49:46.903Z debug: SUCCESS REQ: 200 - GET /api/v1/master/getById/14 - 12.427 ms
2024-05-07T09:50:06.959Z debug: SUCCESS REQ: 201 - POST /api/v1/master/create - 54.324 ms
2024-05-07T09:50:16.932Z debug: SUCCESS REQ: 200 - GET /api/v1/master/getAll - 8.399 ms
2024-05-07T09:50:19.780Z debug: SUCCESS REQ: 200 - GET /images/course11.png - 5.224 ms
2024-05-07T09:50:20.002Z debug: SUCCESS REQ: 304 - GET /images/course11.png - 0.908 ms
2024-05-07T09:50:31.817Z debug: SUCCESS REQ: 200 - GET /api/v1/master/getAll - 36.665 ms
2024-05-07T09:50:34.599Z debug: SUCCESS REQ: 200 - GET /api/v1/master/getById/14 - 3.150 ms
2024-05-07T09:50:36.767Z debug: SUCCESS REQ: 304 - GET /images/course3.png - 0.432 ms
2024-05-07T09:50:36.980Z debug: SUCCESS REQ: 304 - GET /images/course3.png - 1.319 ms
2024-05-07T09:53:06.818Z debug: SUCCESS REQ: 201 - POST /api/v1/master/create - 20.538 ms
2024-05-07T09:53:21.352Z debug: SUCCESS REQ: 200 - GET /api/v1/master/getAll - 46.655 ms
2024-05-07T09:53:37.633Z debug: SUCCESS REQ: 200 - GET /api/v1/master/getById/16 - 37.923 ms
2024-05-07T09:53:40.164Z debug: SUCCESS REQ: 200 - GET /images/course11.png - 5.304 ms
2024-05-07T09:53:40.399Z debug: SUCCESS REQ: 304 - GET /images/course11.png - 0.804 ms
2024-05-07T09:55:27.951Z debug: SUCCESS REQ: 201 - POST /api/v1/master/create - 22.360 ms
2024-05-07T09:55:49.226Z debug: ERROR REQ: 404 - POST /api/v1/individual/create - 51.255 ms
2024-05-07T09:55:55.993Z debug: ERROR REQ: 404 - POST /api/v1/individual/create - 4.511 ms
2024-05-07T09:56:00.006Z debug: ERROR REQ: 404 - POST /api/v1/individual/create - 3.517 ms
2024-05-07T09:56:07.437Z debug: ERROR REQ: 500 - POST /api/v1/individual/create - 5.197 ms
2024-05-07T09:56:27.073Z debug: SUCCESS REQ: 201 - POST /api/v1/individual/create - 53.135 ms
2024-05-07T09:56:39.991Z debug: SUCCESS REQ: 200 - GET /api/v1/individual/getAll - 151.003 ms
2024-05-07T09:56:44.541Z debug: ERROR REQ: 404 - GET /images/course1.png - 2.908 ms
2024-05-07T09:56:44.795Z debug: ERROR REQ: 404 - GET /images/course1.png - 0.811 ms
2024-05-07T09:57:40.677Z debug: SUCCESS REQ: 304 - GET /images/course11.png - 1.754 ms
2024-05-07T09:57:40.896Z debug: SUCCESS REQ: 304 - GET /images/course11.png - 0.407 ms
2024-05-07T09:57:57.989Z debug: ERROR REQ: 404 - GET /images/course1.png - 0.706 ms
2024-05-07T09:57:58.114Z debug: ERROR REQ: 404 - GET /images/course1.png - 0.796 ms
2024-05-07T10:05:21.743Z debug: SUCCESS REQ: 200 - GET /api/v1/master/getById/16 - 12.585 ms
2024-05-07T10:05:24.251Z debug: SUCCESS REQ: 304 - GET /images/course11.png - 2.129 ms
2024-05-07T10:05:24.483Z debug: SUCCESS REQ: 304 - GET /images/course11.png - 0.571 ms
2024-05-07T10:05:36.692Z debug: SUCCESS REQ: 200 - GET /api/v1/individual/getAll - 38.021 ms
2024-05-07T10:05:38.052Z debug: ERROR REQ: 404 - GET /images/course1.png - 2.047 ms
2024-05-07T10:05:38.277Z debug: ERROR REQ: 404 - GET /images/course1.png - 0.637 ms
2024-05-07T10:05:48.770Z debug: SUCCESS REQ: 201 - POST /api/v1/individual/create - 57.117 ms
2024-05-07T10:05:51.809Z debug: SUCCESS REQ: 200 - GET /api/v1/individual/getAll - 2.791 ms
2024-05-07T10:05:54.347Z debug: SUCCESS REQ: 304 - GET /images/course11.png - 0.728 ms
2024-05-07T10:05:54.543Z debug: SUCCESS REQ: 304 - GET /images/course11.png - 0.424 ms
2024-05-07T10:06:02.346Z debug: SUCCESS REQ: 304 - GET /images/course11.png - 1.188 ms
2024-05-07T10:06:02.536Z debug: SUCCESS REQ: 304 - GET /images/course11.png - 0.366 ms
2024-05-07T10:06:57.596Z debug: SUCCESS REQ: 200 - GET /api/v1/individual/getById/15 - 40.503 ms
2024-05-07T10:07:26.256Z debug: SUCCESS REQ: 200 - GET /api/v1/individual/getById/15 - 151.842 ms
2024-05-07T10:09:28.222Z debug: SUCCESS REQ: 201 - POST /api/v1/master/create - 38.705 ms
2024-05-07T10:11:25.023Z debug: SUCCESS REQ: 200 - GET /api/v1/master/getAll - 36.518 ms
2024-05-07T10:11:32.910Z debug: SUCCESS REQ: 200 - GET /api/v1/master/getById/16 - 1.961 ms
2024-05-07T10:11:36.885Z debug: SUCCESS REQ: 200 - GET /api/v1/master/getAll - 1.889 ms
2024-05-07T10:11:53.609Z debug: SUCCESS REQ: 200 - GET /api/v1/individual/getAll - 36.104 ms
2024-05-07T10:12:25.702Z debug: ERROR REQ: 500 - GET /api/v1/individual/getAllDetails/2 - 148.170 ms
2024-05-07T10:12:40.537Z debug: ERROR REQ: 500 - GET /api/v1/individual/getAllDetails/17 - 36.713 ms
2024-05-07T10:12:56.472Z debug: ERROR REQ: 500 - GET /api/v1/individual/getAllDetails/17 - 34.447 ms
2024-05-07T10:14:13.873Z debug: SUCCESS REQ: 200 - GET /api/v1/individual/getAllDetails/15 - 48.701 ms
2024-05-07T10:14:23.085Z debug: SUCCESS REQ: 200 - GET /api/v1/individual/getById/15 - 6.226 ms
2024-05-07T10:14:38.408Z debug: ERROR REQ: 404 - GET /api/v1/master/getById/2 - 37.017 ms
2024-05-07T10:14:42.964Z debug: ERROR REQ: 404 - PUT /api/v1/master/update/2 - 9.617 ms
2024-05-07T10:14:52.127Z debug: ERROR REQ: 500 - PUT /api/v1/master/update/17 - 6.680 ms
2024-05-07T10:16:23.603Z debug: SUCCESS REQ: 200 - PUT /api/v1/master/update/17 - 32.819 ms
2024-05-07T10:17:14.427Z debug: ERROR REQ: 500 - DELETE /api/v1/master/delete/18 - 39.040 ms
2024-05-07T10:19:16.541Z debug: ERROR REQ: 500 - DELETE /api/v1/master/delete/18 - 29.750 ms
2024-05-07T10:20:34.126Z debug: ERROR REQ: 500 - DELETE /api/v1/master/delete/18 - 12.838 ms
2024-05-07T10:21:22.219Z debug: ERROR REQ: 500 - DELETE /api/v1/master/delete/18 - 49.114 ms
2024-05-07T10:22:47.733Z debug: SUCCESS REQ: 200 - DELETE /api/v1/master/delete/18 - 14.334 ms
2024-05-07T10:41:51.967Z debug: SUCCESS REQ: 201 - POST /api/v1/master/create - 18.311 ms
2024-05-07T10:42:06.985Z debug: SUCCESS REQ: 201 - POST /api/v1/master/create - 40.027 ms
2024-05-07T10:42:17.866Z debug: SUCCESS REQ: 200 - GET /api/v1/master/getAll - 40.482 ms
2024-05-07T10:44:19.825Z debug: SUCCESS REQ: 200 - GET /api/v1/master/getAll - 10.953 ms
2024-05-07T10:46:45.303Z debug: SUCCESS REQ: 200 - GET /api/v1/master/getAll - 38.807 ms
2024-05-07T10:49:58.956Z debug: ERROR REQ: 500 - GET /api/v1/master/getAll - 22.188 ms
2024-05-07T10:52:19.008Z debug: SUCCESS REQ: 200 - GET /api/v1/master/getAll - 151.579 ms
2024-05-07T10:52:28.135Z debug: ERROR REQ: 500 - GET /api/v1/master/getById/2 - 11.954 ms
2024-05-07T10:52:48.899Z debug: ERROR REQ: 404 - POST /api/v1/individual/create - 44.918 ms
2024-05-07T10:52:50.232Z debug: ERROR REQ: 404 - POST /api/v1/individual/create - 4.192 ms
2024-05-07T10:53:06.857Z debug: SUCCESS REQ: 201 - POST /api/v1/individual/create - 11.727 ms
2024-05-07T10:53:12.732Z debug: SUCCESS REQ: 201 - POST /api/v1/individual/create - 9.871 ms
2024-05-07T10:54:40.207Z debug: SUCCESS REQ: 200 - GET /api/v1/individual/getById/2 - 38.178 ms
2024-05-07T10:54:56.547Z debug: ERROR REQ: 500 - GET /api/v1/master/getById/2 - 20.883 ms
2024-05-07T10:55:38.792Z debug: ERROR REQ: 500 - GET /api/v1/master/getById/2 - 44.324 ms
2024-05-07T10:56:34.754Z debug: SUCCESS REQ: - - GET /api/v1/master/getById/2 - - ms
2024-05-07T10:59:41.683Z debug: ERROR REQ: 404 - GET /api/v1/master/getById/4 - 45.244 ms
2024-05-07T11:03:15.574Z debug: SUCCESS REQ: - - GET /api/v1/master/getById/2 - - ms
2024-05-07T11:12:05.051Z debug: ERROR REQ: 500 - GET /api/v1/master/getById/1 - 62.973 ms
2024-05-07T11:13:21.110Z debug: ERROR REQ: 500 - GET /api/v1/master/getById/1 - 15.883 ms
2024-05-07T11:13:54.883Z debug: ERROR REQ: 500 - GET /api/v1/master/getById/1 - 20.387 ms
2024-05-07T11:14:27.965Z debug: ERROR REQ: 500 - GET /api/v1/master/getById/1 - 22.302 ms
2024-05-07T11:14:42.006Z debug: SUCCESS REQ: 200 - GET /api/v1/master/getById/1 - 41.562 ms
2024-05-07T11:16:05.120Z debug: SUCCESS REQ: 200 - GET /api/v1/master/getById/1 - 33.667 ms
2024-05-07T11:17:05.424Z debug: SUCCESS REQ: 200 - GET /api/v1/master/getById/1 - 69.816 ms
2024-05-07T11:17:21.335Z debug: SUCCESS REQ: 200 - GET /api/v1/master/getById/1 - 42.257 ms
2024-05-07T11:19:51.700Z debug: SUCCESS REQ: 200 - PUT /api/v1/master/update/1 - 57.765 ms
2024-05-07T11:20:28.291Z debug: SUCCESS REQ: 200 - DELETE /api/v1/master/delete/1 - 43.547 ms
2024-05-07T11:36:43.389Z debug: ERROR REQ: 404 - PUT /api/v1/master/update/1 - 46.033 ms
2024-05-07T11:36:55.944Z debug: SUCCESS REQ: 200 - PUT /api/v1/master/update/2 - 48.402 ms
2024-05-07T11:37:22.808Z debug: SUCCESS REQ: 200 - GET /api/v1/master/getById/1 - 65.031 ms
2024-05-07T11:42:41.537Z debug: SUCCESS REQ: 201 - POST /api/v1/master/create - 62.590 ms
2024-05-07T11:45:54.926Z debug: SUCCESS REQ: 201 - POST /api/v1/master/create - 25.363 ms
2024-05-07T11:46:06.408Z debug: SUCCESS REQ: 201 - POST /api/v1/master/create - 67.112 ms
2024-05-07T11:46:18.851Z debug: SUCCESS REQ: 201 - POST /api/v1/master/create - 145.621 ms
2024-05-07T11:46:28.707Z debug: SUCCESS REQ: 200 - PUT /api/v1/master/update/2 - 21.032 ms
2024-05-07T11:46:47.710Z debug: SUCCESS REQ: 200 - GET /api/v1/master/getById/1 - 63.003 ms
2024-05-07T11:46:53.997Z debug: SUCCESS REQ: 200 - GET /api/v1/master/getById/2 - 3.963 ms
2024-05-07T11:47:00.244Z debug: SUCCESS REQ: 200 - GET /api/v1/master/getAll - 4.284 ms
2024-05-07T11:49:59.898Z debug: SUCCESS REQ: 201 - POST /api/v1/master/create - 167.363 ms
2024-05-07T11:50:12.449Z debug: SUCCESS REQ: 200 - GET /api/v1/master/getAll - 65.977 ms
2024-05-07T11:50:16.911Z debug: ERROR REQ: 404 - GET /images/balck - 5.911 ms
2024-05-07T11:50:17.271Z debug: ERROR REQ: 404 - GET /images/balck - 1.010 ms
2024-05-07T11:50:22.704Z debug: SUCCESS REQ: 200 - GET /images/Picture4.gif - 2.449 ms
2024-05-07T11:50:23.036Z debug: SUCCESS REQ: 304 - GET /images/Picture4.gif - 1.900 ms
2024-05-07T11:50:26.356Z debug: SUCCESS REQ: 200 - GET /images/course2.png - 1.059 ms
2024-05-07T11:50:26.560Z debug: SUCCESS REQ: 304 - GET /images/course2.png - 0.608 ms
2024-05-07T11:51:17.404Z debug: SUCCESS REQ: 200 - GET /api/v1/master/getAll - 31.852 ms
2024-05-07T11:51:20.462Z debug: SUCCESS REQ: 201 - POST /api/v1/master/create - 17.730 ms
2024-05-07T11:51:25.372Z debug: SUCCESS REQ: 200 - GET /api/v1/master/getAll - 3.933 ms
2024-05-07T11:53:17.173Z debug: SUCCESS REQ: 201 - POST /api/v1/master/create - 62.740 ms
2024-05-07T11:55:37.191Z debug: SUCCESS REQ: 200 - PUT /api/v1/master/update/9 - 222.569 ms
2024-05-07T11:55:50.947Z debug: SUCCESS REQ: 200 - PUT /api/v1/master/update/9 - 226.613 ms
2024-05-07T11:57:13.886Z debug: SUCCESS REQ: 200 - PUT /api/v1/master/update/9 - 39.494 ms
2024-05-07T11:57:18.228Z debug: SUCCESS REQ: 201 - POST /api/v1/master/create - 23.485 ms
2024-05-07T11:57:49.328Z debug: SUCCESS REQ: 201 - POST /api/v1/master/create - 79.607 ms
2024-05-07T12:00:52.848Z debug: SUCCESS REQ: 200 - PUT /api/v1/master/update/9 - 62.682 ms
2024-05-07T12:01:13.488Z debug: SUCCESS REQ: - - GET /api/v1/master/getAll - - ms
2024-05-07T12:01:16.700Z debug: SUCCESS REQ: 200 - GET /api/v1/master/getAll - 3.361 ms
2024-05-07T12:01:22.914Z debug: SUCCESS REQ: 200 - GET /images/spaceeeeeeeeeeeeetest.png - 3.121 ms
2024-05-07T12:01:23.163Z debug: SUCCESS REQ: 304 - GET /images/spaceeeeeeeeeeeeetest.png - 0.836 ms
2024-05-07T12:06:46.691Z debug: ERROR REQ: 404 - GET /api/v1/master/getById/9 - 49.586 ms
2024-05-07T12:07:15.882Z debug: SUCCESS REQ: 200 - PUT /api/v1/master/update/11 - 54.895 ms
2024-05-07T12:08:55.535Z debug: ERROR REQ: 404 - GET /api/v1/master/getById/9 - 39.848 ms
2024-05-07T12:09:24.898Z debug: ERROR REQ: 404 - GET /api/v1/master/getById/9 - 38.026 ms
2024-05-07T12:10:23.578Z debug: ERROR REQ: 404 - GET /api/v1/master/getById/9 - 11.156 ms
2024-05-07T12:10:50.946Z debug: ERROR REQ: 404 - GET /api/v1/master/getById/9 - 14.547 ms
2024-05-07T12:11:03.350Z debug: ERROR REQ: 404 - GET /api/v1/master/getById/9 - 12.694 ms
2024-05-07T12:11:25.635Z debug: SUCCESS REQ: 200 - GET /api/v1/master/getById/9 - 62.372 ms
2024-05-07T12:11:34.333Z debug: ERROR REQ: 404 - GET /api/v1/master/getById/1 - 6.222 ms
2024-05-07T12:11:43.233Z debug: SUCCESS REQ: 200 - GET /api/v1/master/getById/2 - 8.674 ms
2024-05-07T12:12:25.580Z debug: SUCCESS REQ: 200 - GET /api/v1/master/getById/2 - 45.194 ms
2024-05-07T12:15:51.061Z debug: SUCCESS REQ: 200 - GET /api/v1/master/getAll - 41.544 ms
2024-05-07T12:16:51.455Z debug: SUCCESS REQ: 200 - GET /api/v1/master/getAll - 98.347 ms
2024-05-07T12:17:12.457Z debug: SUCCESS REQ: 200 - GET /api/v1/master/getAll - 34.532 ms
2024-05-07T13:10:42.906Z debug: SUCCESS REQ: 200 - GET /api/v1/master/getById/2 - 70.451 ms
2024-05-07T13:31:38.088Z debug: SUCCESS REQ: 201 - POST /api/v1/master/create - 39.853 ms
2024-05-07T13:31:52.351Z debug: SUCCESS REQ: 201 - POST /api/v1/master/create - 46.636 ms
2024-05-07T13:34:25.864Z debug: SUCCESS REQ: 201 - POST /api/v1/master/create - 24.447 ms
2024-05-07T13:34:53.774Z debug: SUCCESS REQ: 201 - POST /api/v1/master/create - 30.111 ms
2024-05-07T13:42:14.057Z debug: ERROR REQ: 500 - POST /api/v1/individual/create - 56.779 ms
2024-05-07T13:43:22.251Z debug: ERROR REQ: 500 - POST /api/v1/individual/create - 42.211 ms
2024-05-07T13:45:05.245Z debug: SUCCESS REQ: 201 - POST /api/v1/individual/create - 64.768 ms
2024-05-07T13:45:33.883Z debug: SUCCESS REQ: 200 - GET /api/v1/individual/getAll - 39.145 ms
2024-05-07T13:50:30.823Z debug: SUCCESS REQ: 200 - DELETE /api/v1/master/delete/4 - 222.858 ms
2024-05-07T13:54:59.917Z debug: SUCCESS REQ: 200 - GET /api/v1/individual/getAll - 191.665 ms
2024-05-07T13:55:07.971Z debug: SUCCESS REQ: 200 - GET /api/v1/individual/getAll - 3.199 ms
2024-05-07T13:56:20.086Z debug: SUCCESS REQ: 200 - GET /api/v1/master/getAll - 60.442 ms
2024-05-07T13:57:13.391Z debug: SUCCESS REQ: 200 - GET /api/v1/master/getAll - 31.587 ms
2024-05-07T13:57:22.355Z debug: SUCCESS REQ: 200 - GET /api/v1/master/getAll - 2.434 ms
2024-05-07T13:57:49.329Z debug: SUCCESS REQ: 200 - GET /api/v1/master/getAll - 18.732 ms
2024-05-07T13:58:50.467Z debug: ERROR REQ: 404 - GET /api/v1/master/getAll - 11.807 ms
2024-05-07T13:59:05.404Z debug: SUCCESS REQ: 200 - GET /api/v1/master/getAll - 13.092 ms
2024-05-07T13:59:06.264Z debug: SUCCESS REQ: 200 - GET /api/v1/master/getAll - 2.700 ms
2024-05-07T13:59:21.482Z debug: ERROR REQ: 404 - GET /api/v1/master/getAll - 12.203 ms
2024-05-07T13:59:49.312Z debug: SUCCESS REQ: 201 - POST /api/v1/master/create - 159.199 ms
2024-05-07T13:59:53.473Z debug: ERROR REQ: 404 - GET /api/v1/master/getAll - 70.865 ms
2024-05-07T13:59:55.595Z debug: ERROR REQ: 404 - GET /api/v1/master/getAll - 2.554 ms
2024-05-07T14:00:12.954Z debug: ERROR REQ: 404 - GET /api/v1/master/getAll - 38.773 ms
2024-05-07T14:00:27.762Z debug: SUCCESS REQ: 200 - GET /api/v1/master/getAll - 42.916 ms
