2024-05-06T05:23:07.646Z debug: ERROR REQ: 500 - GET /api/v1/individual/getById/4 - 57.318 ms
2024-05-06T05:23:11.564Z debug: SUCCESS REQ: 200 - GET /api/v1/individual/getAll - 3.130 ms
2024-05-06T05:23:23.725Z debug: ERROR REQ: 500 - GET /api/v1/individual/getById/4 - 38.763 ms
2024-05-06T05:23:49.986Z debug: SUCCESS REQ: 200 - GET /api/v1/individual/getAll - 12.072 ms
2024-05-06T05:23:52.622Z debug: SUCCESS REQ: 200 - GET /api/v1/individual/getById/4 - 21.147 ms
2024-05-06T05:25:23.953Z debug: ERROR REQ: 500 - PUT /api/v1/individual/update/4 - 45.647 ms
2024-05-06T05:26:08.782Z debug: ERROR REQ: 500 - PUT /api/v1/individual/update/4 - 40.550 ms
2024-05-06T05:26:19.201Z debug: SUCCESS REQ: 200 - PUT /api/v1/individual/update/4 - 171.416 ms
2024-05-06T05:27:26.221Z debug: SUCCESS REQ: 200 - PUT /api/v1/individual/update/4 - 63.414 ms
2024-05-06T05:27:40.123Z debug: SUCCESS REQ: 200 - GET /api/v1/individual/getAll - 11.266 ms
2024-05-06T05:27:49.161Z debug: SUCCESS REQ: 200 - DELETE /api/v1/individual/delete/7 - 45.630 ms
2024-05-06T06:58:41.466Z debug: SUCCESS REQ: 200 - GET /api/v1/individual/getAllDetails/1 - 16.354 ms
2024-05-06T07:00:32.239Z debug: SUCCESS REQ: 200 - GET /api/v1/individual/getAllDetails/1 - 12.940 ms
2024-05-06T07:04:56.974Z debug: SUCCESS REQ: 201 - POST /api/v1/master/create - 57.992 ms
2024-05-06T07:05:00.211Z debug: SUCCESS REQ: 200 - GET /api/v1/master/getAll - 3.648 ms
2024-05-06T07:05:04.061Z debug: SUCCESS REQ: 200 - GET /api/v1/master/getById/3 - 2.422 ms
2024-05-06T07:05:18.372Z debug: SUCCESS REQ: 200 - PUT /api/v1/master/update/2 - 70.158 ms
2024-05-06T07:05:24.377Z debug: SUCCESS REQ: 200 - GET /api/v1/master/getAll - 1.929 ms
2024-05-06T07:05:27.551Z debug: SUCCESS REQ: 200 - GET /api/v1/master/getAll - 1.393 ms
2024-05-06T07:05:31.124Z debug: SUCCESS REQ: 201 - POST /api/v1/master/create - 28.371 ms
2024-05-06T07:05:34.073Z debug: SUCCESS REQ: 200 - GET /api/v1/master/getAll - 1.663 ms
2024-05-06T07:05:39.544Z debug: SUCCESS REQ: 200 - DELETE /api/v1/master/delete/4 - 12.595 ms
2024-05-06T07:05:46.320Z debug: SUCCESS REQ: 200 - GET /api/v1/master/getAll - 1.362 ms
2024-05-06T07:06:01.153Z debug: SUCCESS REQ: 201 - POST /api/v1/individual/create - 45.042 ms
2024-05-06T07:06:10.152Z debug: SUCCESS REQ: 201 - POST /api/v1/individual/create - 40.046 ms
2024-05-06T07:06:13.509Z debug: SUCCESS REQ: 200 - GET /api/v1/individual/getAll - 3.942 ms
2024-05-06T07:06:36.211Z debug: SUCCESS REQ: 200 - GET /api/v1/individual/getAllDetails/1 - 78.602 ms
2024-05-06T07:06:44.948Z debug: SUCCESS REQ: 200 - GET /api/v1/individual/getAllDetails/2 - 1.923 ms
2024-05-06T07:07:03.730Z debug: SUCCESS REQ: 200 - PUT /api/v1/individual/update/1 - 49.046 ms
2024-05-06T07:07:13.166Z debug: SUCCESS REQ: 200 - PUT /api/v1/individual/update/5 - 7.175 ms
2024-05-06T07:07:16.918Z debug: ERROR REQ: 404 - DELETE /api/v1/individual/delete/7 - 2.143 ms
2024-05-06T07:07:21.842Z debug: SUCCESS REQ: 200 - DELETE /api/v1/individual/delete/4 - 9.910 ms
2024-05-06T13:45:16.864Z debug: ERROR REQ: 500 - POST /api/v1/master/create - 205.572 ms
2024-05-06T13:45:27.469Z debug: SUCCESS REQ: 201 - POST /api/v1/master/create - 229.039 ms
2024-05-06T13:45:33.622Z debug: SUCCESS REQ: 200 - GET /api/v1/master/getAll - 6.566 ms
2024-05-06T13:45:36.951Z debug: SUCCESS REQ: 200 - GET /api/v1/master/getById/3 - 34.358 ms
2024-05-06T13:45:41.848Z debug: SUCCESS REQ: 200 - PUT /api/v1/master/update/2 - 23.247 ms
2024-05-06T13:45:45.552Z debug: ERROR REQ: 404 - DELETE /api/v1/master/delete/4 - 2.550 ms
2024-05-06T13:45:50.426Z debug: SUCCESS REQ: 200 - DELETE /api/v1/master/delete/2 - 9.077 ms
2024-05-06T13:45:59.744Z debug: SUCCESS REQ: 201 - POST /api/v1/individual/create - 36.647 ms
2024-05-06T13:46:09.350Z debug: ERROR REQ: 404 - POST /api/v1/individual/create - 15.745 ms
2024-05-06T13:46:14.210Z debug: SUCCESS REQ: 201 - POST /api/v1/individual/create - 17.503 ms
2024-05-06T13:46:17.758Z debug: SUCCESS REQ: 200 - GET /api/v1/individual/getAll - 5.776 ms
2024-05-06T13:46:21.563Z debug: SUCCESS REQ: 200 - GET /api/v1/individual/getAllDetails/2 - 2.965 ms
2024-05-06T13:46:33.835Z debug: SUCCESS REQ: 200 - GET /api/v1/individual/getAll - 34.429 ms
2024-05-06T13:46:48.929Z debug: ERROR REQ: 404 - GET /api/v1/individual/getById/4 - 73.015 ms
2024-05-06T13:46:54.219Z debug: SUCCESS REQ: 200 - PUT /api/v1/individual/update/5 - 14.989 ms
2024-05-06T13:46:57.486Z debug: ERROR REQ: 404 - DELETE /api/v1/individual/delete/4 - 1.795 ms
2024-05-06T13:47:01.807Z debug: SUCCESS REQ: 200 - DELETE /api/v1/individual/delete/2 - 4.972 ms
