2024-05-08T04:44:59.110Z debug: SUCCESS REQ: 201 - POST /api/v1/master/create - 74.771 ms
2024-05-08T04:45:01.526Z debug: SUCCESS REQ: 201 - POST /api/v1/master/create - 22.301 ms
2024-05-08T04:45:55.089Z debug: SUCCESS REQ: 200 - GET /api/v1/master/getAll - 102.552 ms
2024-05-08T04:45:55.092Z debug: SUCCESS REQ: 304 - GET /api/v1/individual/getAll - 102.347 ms
2024-05-08T04:45:55.105Z debug: SUCCESS REQ: 304 - GET /api/v1/master/getAll - 8.271 ms
2024-05-08T04:45:55.108Z debug: SUCCESS REQ: 304 - GET /api/v1/individual/getAll - 11.393 ms
2024-05-08T04:45:55.144Z debug: SUCCESS REQ: 200 - GET /images/shirt.png - 2.983 ms
2024-05-08T04:45:55.640Z debug: SUCCESS REQ: 200 - GET /api/v1/individual/getAll - 3.003 ms
2024-05-08T04:46:19.452Z debug: ERROR REQ: 500 - POST /api/v1/individual/create - 60.463 ms
2024-05-08T04:46:43.790Z debug: SUCCESS REQ: 200 - GET /api/v1/master/getById/1 - 56.650 ms
2024-05-08T04:46:47.489Z debug: SUCCESS REQ: 304 - GET /api/v1/individual/getAll - 7.871 ms
2024-05-08T04:46:47.494Z debug: SUCCESS REQ: 304 - GET /api/v1/master/getAll - 10.918 ms
2024-05-08T04:46:47.506Z debug: SUCCESS REQ: 304 - GET /api/v1/individual/getAll - 7.583 ms
2024-05-08T04:46:47.510Z debug: SUCCESS REQ: 304 - GET /api/v1/master/getAll - 10.564 ms
2024-05-08T04:50:09.754Z debug: SUCCESS REQ: 201 - POST /api/v1/master/create - 64.695 ms
2024-05-08T04:50:15.084Z debug: SUCCESS REQ: 200 - GET /api/v1/master/getAll - 3.869 ms
2024-05-08T04:51:31.189Z debug: SUCCESS REQ: 200 - GET /api/v1/master/getById/2 - 58.088 ms
2024-05-08T04:51:49.146Z debug: SUCCESS REQ: 200 - PUT /api/v1/master/update/2 - 154.143 ms
2024-05-08T04:51:58.399Z debug: ERROR REQ: 404 - POST /api/v1/individual/create - 3.795 ms
2024-05-08T04:52:09.584Z debug: ERROR REQ: 404 - POST /api/v1/individual/create - 54.090 ms
2024-05-08T04:52:27.631Z debug: ERROR REQ: 404 - POST /api/v1/individual/create - 51.307 ms
2024-05-08T04:52:31.970Z debug: SUCCESS REQ: 200 - GET /api/v1/individual/getAll - 3.083 ms
2024-05-08T04:52:40.323Z debug: ERROR REQ: 500 - GET /api/v1/individual/getAllDetails/2 - 4.739 ms
2024-05-08T04:52:45.909Z debug: ERROR REQ: 404 - GET /api/v1/individual/getById/2 - 2.713 ms
2024-05-08T04:55:36.354Z debug: SUCCESS REQ: 200 - GET /api/v1/master/getAll - 73.554 ms
2024-05-08T04:55:36.357Z debug: SUCCESS REQ: 304 - GET /api/v1/individual/getAll - 75.594 ms
2024-05-08T04:55:36.368Z debug: SUCCESS REQ: 304 - GET /api/v1/individual/getAll - 7.754 ms
2024-05-08T04:55:36.371Z debug: SUCCESS REQ: 304 - GET /api/v1/master/getAll - 9.802 ms
2024-05-08T04:55:36.440Z debug: SUCCESS REQ: 304 - GET /images/shirt.png - 1.427 ms
2024-05-08T04:55:36.445Z debug: SUCCESS REQ: 200 - GET /images/reactshirt.png - 1.555 ms
2024-05-08T05:08:29.681Z debug: SUCCESS REQ: 304 - GET /api/v1/master/getAll - 60.765 ms
2024-05-08T05:08:29.683Z debug: SUCCESS REQ: 304 - GET /api/v1/individual/getAll - 61.729 ms
2024-05-08T05:08:29.692Z debug: SUCCESS REQ: 304 - GET /api/v1/master/getAll - 6.828 ms
2024-05-08T05:08:29.694Z debug: SUCCESS REQ: 304 - GET /api/v1/individual/getAll - 7.767 ms
2024-05-08T05:08:29.733Z debug: SUCCESS REQ: 304 - GET /images/shirt.png - 1.418 ms
2024-05-08T05:08:29.735Z debug: SUCCESS REQ: 304 - GET /images/reactshirt.png - 2.715 ms
2024-05-08T05:14:54.970Z debug: SUCCESS REQ: 304 - GET /api/v1/master/getAll - 63.596 ms
2024-05-08T05:14:54.972Z debug: SUCCESS REQ: 304 - GET /api/v1/individual/getAll - 65.032 ms
2024-05-08T05:14:54.980Z debug: SUCCESS REQ: 304 - GET /api/v1/individual/getAll - 4.884 ms
2024-05-08T05:14:54.985Z debug: SUCCESS REQ: 304 - GET /api/v1/master/getAll - 10.228 ms
2024-05-08T05:14:55.012Z debug: SUCCESS REQ: 304 - GET /images/shirt.png - 1.962 ms
2024-05-08T05:14:55.015Z debug: SUCCESS REQ: 304 - GET /images/reactshirt.png - 2.857 ms
2024-05-08T05:14:57.179Z debug: SUCCESS REQ: 304 - GET /api/v1/master/getAll - 5.209 ms
2024-05-08T05:14:57.184Z debug: SUCCESS REQ: 304 - GET /api/v1/individual/getAll - 8.932 ms
2024-05-08T05:14:57.188Z debug: SUCCESS REQ: 304 - GET /api/v1/master/getAll - 6.176 ms
2024-05-08T05:14:57.195Z debug: SUCCESS REQ: 304 - GET /api/v1/individual/getAll - 5.980 ms
2024-05-08T05:14:57.206Z debug: SUCCESS REQ: 304 - GET /images/shirt.png - 2.604 ms
2024-05-08T05:14:57.208Z debug: SUCCESS REQ: 304 - GET /images/reactshirt.png - 2.714 ms
2024-05-08T05:15:00.822Z debug: SUCCESS REQ: 304 - GET /api/v1/master/getAll - 3.961 ms
2024-05-08T05:15:00.823Z debug: SUCCESS REQ: 304 - GET /api/v1/individual/getAll - 5.216 ms
2024-05-08T05:15:00.832Z debug: SUCCESS REQ: 304 - GET /api/v1/master/getAll - 6.624 ms
2024-05-08T05:15:00.834Z debug: SUCCESS REQ: 304 - GET /api/v1/individual/getAll - 7.590 ms
2024-05-08T05:15:00.848Z debug: SUCCESS REQ: 304 - GET /images/shirt.png - 1.262 ms
2024-05-08T05:15:00.849Z debug: SUCCESS REQ: 304 - GET /images/reactshirt.png - 2.083 ms
2024-05-08T05:15:48.497Z debug: SUCCESS REQ: 304 - GET /api/v1/individual/getAll - 67.268 ms
2024-05-08T05:15:48.500Z debug: SUCCESS REQ: 304 - GET /api/v1/master/getAll - 71.493 ms
2024-05-08T05:15:48.507Z debug: SUCCESS REQ: 304 - GET /api/v1/individual/getAll - 4.857 ms
2024-05-08T05:15:48.512Z debug: SUCCESS REQ: 304 - GET /api/v1/master/getAll - 7.401 ms
2024-05-08T05:15:48.529Z debug: SUCCESS REQ: 304 - GET /images/shirt.png - 4.709 ms
2024-05-08T05:15:48.530Z debug: SUCCESS REQ: 304 - GET /images/reactshirt.png - 3.752 ms
2024-05-08T05:17:43.511Z debug: SUCCESS REQ: 304 - GET /api/v1/master/getAll - 68.191 ms
2024-05-08T05:17:43.512Z debug: SUCCESS REQ: 304 - GET /api/v1/individual/getAll - 66.057 ms
2024-05-08T05:17:43.520Z debug: SUCCESS REQ: 304 - GET /api/v1/master/getAll - 5.898 ms
2024-05-08T05:17:43.525Z debug: SUCCESS REQ: 304 - GET /api/v1/individual/getAll - 9.444 ms
2024-05-08T05:17:43.554Z debug: SUCCESS REQ: 304 - GET /images/shirt.png - 1.153 ms
2024-05-08T05:17:43.556Z debug: SUCCESS REQ: 304 - GET /images/reactshirt.png - 1.872 ms
2024-05-08T05:18:32.338Z debug: SUCCESS REQ: 304 - GET /api/v1/master/getAll - 58.485 ms
2024-05-08T05:18:32.340Z debug: SUCCESS REQ: 304 - GET /api/v1/individual/getAll - 60.276 ms
2024-05-08T05:18:32.349Z debug: SUCCESS REQ: 304 - GET /api/v1/master/getAll - 6.565 ms
2024-05-08T05:18:32.353Z debug: SUCCESS REQ: 304 - GET /api/v1/individual/getAll - 6.903 ms
2024-05-08T05:18:32.385Z debug: SUCCESS REQ: 304 - GET /images/shirt.png - 1.534 ms
2024-05-08T05:18:32.387Z debug: SUCCESS REQ: 304 - GET /images/reactshirt.png - 2.395 ms
2024-05-08T05:29:27.701Z debug: SUCCESS REQ: 304 - GET /api/v1/master/getAll - 62.349 ms
2024-05-08T05:29:27.703Z debug: SUCCESS REQ: 304 - GET /api/v1/individual/getAll - 62.147 ms
2024-05-08T05:29:27.710Z debug: SUCCESS REQ: 304 - GET /api/v1/master/getAll - 4.709 ms
2024-05-08T05:29:27.712Z debug: SUCCESS REQ: 304 - GET /api/v1/individual/getAll - 6.056 ms
2024-05-08T05:29:27.754Z debug: SUCCESS REQ: 304 - GET /images/shirt.png - 1.996 ms
2024-05-08T05:29:27.756Z debug: SUCCESS REQ: 304 - GET /images/reactshirt.png - 2.974 ms
2024-05-08T05:31:51.839Z debug: ERROR REQ: 404 - POST /api/v1/individual/create - 65.626 ms
2024-05-08T05:32:03.142Z debug: ERROR REQ: 404 - POST /api/v1/individual/create - 63.581 ms
2024-05-08T05:32:16.042Z debug: SUCCESS REQ: 200 - GET /api/v1/master/getAll - 48.138 ms
2024-05-08T05:32:27.394Z debug: SUCCESS REQ: 201 - POST /api/v1/individual/create - 97.118 ms
2024-05-08T05:32:32.550Z debug: SUCCESS REQ: 200 - GET /api/v1/individual/getAll - 2.883 ms
2024-05-08T05:33:04.225Z debug: SUCCESS REQ: 200 - GET /api/v1/individual/getById/1 - 55.587 ms
2024-05-08T05:52:46.063Z debug: SUCCESS REQ: 200 - GET /api/v1/individual/getAll - 68.580 ms
2024-05-08T05:52:46.066Z debug: SUCCESS REQ: 304 - GET /api/v1/master/getAll - 69.908 ms
2024-05-08T05:52:46.073Z debug: SUCCESS REQ: 304 - GET /api/v1/individual/getAll - 4.276 ms
2024-05-08T05:52:46.078Z debug: SUCCESS REQ: 304 - GET /api/v1/master/getAll - 7.158 ms
2024-05-08T05:52:46.090Z debug: SUCCESS REQ: 304 - GET /images/shirt.png - 1.156 ms
2024-05-08T05:52:46.092Z debug: SUCCESS REQ: 304 - GET /images/reactshirt.png - 2.443 ms
